<?xml version="1.0" encoding="UTF-8"?>
<!-- Generated by org.testng.reporters.JUnitXMLReporter -->
<testsuite hostname="Rajesh" ignored="0" name="BankingApp Test" tests="1" failures="1" timestamp="2021-08-04T11:34:16 IST" time="5.97" errors="0">
  <testcase name="loginTest" time="1.428" classname="com.initbanking.testcases.TC_LoginTest_001">
    <failure type="java.lang.AssertionError" message="expected [true] but found [false]">
      <![CDATA[java.lang.AssertionError: expected [true] but found [false]
at com.initbanking.testcases.TC_LoginTest_001.loginTest(TC_LoginTest_001.java:35)
at java.util.ArrayList.forEach(Unknown Source)
... Removed 31 stack frames]]>
    </failure>
  </testcase> <!-- loginTest -->
</testsuite> <!-- BankingApp Test -->
